<?xml version="1.0" encoding="UTF-8"?>
<testng-results ignored="0" total="1" passed="1" failed="0" skipped="0">
  <reporter-output>
  </reporter-output>
  <suite started-at="2024-08-01T18:30:48 IST" name="Default suite" finished-at="2024-08-01T18:30:48 IST" duration-ms="48">
    <groups>
    </groups>
    <test started-at="2024-08-01T18:30:48 IST" name="Default test" finished-at="2024-08-01T18:30:48 IST" duration-ms="48">
      <class name="test.Testadd">
        <test-method signature="test()[pri:0, instance:test.Testadd@c88a337]" started-at="2024-08-01T18:30:48 IST" name="test" finished-at="2024-08-01T18:30:48 IST" duration-ms="8" status="PASS">
          <reporter-output>
          </reporter-output>
        </test-method> <!-- test -->
      </class> <!-- test.Testadd -->
    </test> <!-- Default test -->
  </suite> <!-- Default suite -->
</testng-results>
