<?xml version="1.0" encoding="UTF-8"?>
<testng-results ignored="0" total="2" passed="2" failed="0" skipped="0">
  <reporter-output>
  </reporter-output>
  <suite started-at="2024-08-07T18:54:31 IST" name="Suite" finished-at="2024-08-07T18:54:31 IST" duration-ms="47">
    <groups>
    </groups>
    <test started-at="2024-08-07T18:54:31 IST" name="Test" finished-at="2024-08-07T18:54:31 IST" duration-ms="47">
      <class name="test.TestFact">
        <test-method signature="test()[pri:0, instance:test.TestFact@1de76cc7]" started-at="2024-08-07T18:54:31 IST" name="test" finished-at="2024-08-07T18:54:31 IST" duration-ms="8" status="PASS">
          <reporter-output>
          </reporter-output>
        </test-method> <!-- test -->
      </class> <!-- test.TestFact -->
      <class name="test.Testadd">
        <test-method signature="test()[pri:0, instance:test.Testadd@4803b726]" started-at="2024-08-07T18:54:31 IST" name="test" finished-at="2024-08-07T18:54:31 IST" duration-ms="1" status="PASS">
          <reporter-output>
          </reporter-output>
        </test-method> <!-- test -->
      </class> <!-- test.Testadd -->
    </test> <!-- Test -->
  </suite> <!-- Suite -->
</testng-results>
